[01m[K/home/ludovica/RL/catkin_ws/src/arm_controller/src/arm_controller_node.cpp:[m[K In function â€˜[01m[Kint main(int, char**)[m[Kâ€™:
[01m[K/home/ludovica/RL/catkin_ws/src/arm_controller/src/arm_controller_node.cpp:8:5:[m[K [01;31m[Kerror: [m[Kâ€˜[01m[KArm_Controller[m[Kâ€™ was not declared in this scope; did you mean â€˜[01m[KArm_Controller_Node[m[Kâ€™?
    8 |     [01;31m[KArm_Controller[m[K arm_controller(n);
      |     [01;31m[K^~~~~~~~~~~~~~[m[K
      |     [32m[KArm_Controller_Node[m[K
make[2]: *** [CMakeFiles/arm_controller_node.dir/build.make:63: CMakeFiles/arm_controller_node.dir/src/arm_controller_node.cpp.o] Error 1
make[1]: *** [CMakeFiles/Makefile2:165: CMakeFiles/arm_controller_node.dir/all] Error 2
make: *** [Makefile:141: all] Error 2
