[35m[1mScanning dependencies of target arm_controller_node[0m
[ 33%] [32mBuilding CXX object CMakeFiles/arm_controller_node.dir/src/arm_controller_node.cpp.o[0m
[ 66%] [32mBuilding CXX object CMakeFiles/arm_controller_node.dir/src/Arm_Controller.cpp.o[0m
[01m[K/home/ludovica/RL/catkin_ws/src/arm_controller/src/arm_controller_node.cpp:[m[K In function â€˜[01m[Kint main(int, char**)[m[Kâ€™:
[01m[K/home/ludovica/RL/catkin_ws/src/arm_controller/src/arm_controller_node.cpp:8:56:[m[K [01;31m[Kerror: [m[Kno matching function for call to â€˜[01m[KArm_Controller::Arm_Controller(ros::NodeHandle&, const char [18])[m[Kâ€™
    8 |     Arm_Controller arm_controller(n,"/arm/joint_states"[01;31m[K)[m[K;
      |                                                        [01;31m[K^[m[K
In file included from [01m[K/home/ludovica/RL/catkin_ws/src/arm_controller/src/arm_controller_node.cpp:2[m[K:
[01m[K/home/ludovica/RL/catkin_ws/src/arm_controller/include/Arm_Controller/Arm_Controller.h:19:3:[m[K [01;36m[Knote: [m[Kcandidate: â€˜[01m[KArm_Controller::Arm_Controller(ros::NodeHandle&)[m[Kâ€™
   19 |   [01;36m[KArm_Controller[m[K(ros::NodeHandle& nodeHandle);
      |   [01;36m[K^~~~~~~~~~~~~~[m[K
[01m[K/home/ludovica/RL/catkin_ws/src/arm_controller/include/Arm_Controller/Arm_Controller.h:19:3:[m[K [01;36m[Knote: [m[K  candidate expects 1 argument, 2 provided
[01m[K/home/ludovica/RL/catkin_ws/src/arm_controller/include/Arm_Controller/Arm_Controller.h:12:7:[m[K [01;36m[Knote: [m[Kcandidate: â€˜[01m[KArm_Controller::Arm_Controller(const Arm_Controller&)[m[Kâ€™
   12 | class [01;36m[KArm_Controller[m[K
      |       [01;36m[K^~~~~~~~~~~~~~[m[K
[01m[K/home/ludovica/RL/catkin_ws/src/arm_controller/include/Arm_Controller/Arm_Controller.h:12:7:[m[K [01;36m[Knote: [m[K  candidate expects 1 argument, 2 provided
make[2]: *** [CMakeFiles/arm_controller_node.dir/build.make:63: CMakeFiles/arm_controller_node.dir/src/arm_controller_node.cpp.o] Error 1
make[2]: *** Waiting for unfinished jobs....
make[1]: *** [CMakeFiles/Makefile2:165: CMakeFiles/arm_controller_node.dir/all] Error 2
make: *** [Makefile:141: all] Error 2
