[01m[K/home/ludovica/RL/catkin_ws/src/arm_controller/src/Arm_Controller.cpp:23:41:[m[K [01;31m[Kerror: [m[Kexpected â€˜[01m[K)[m[Kâ€™
   23 | void Arm_Controller::topicCallback[34m[K([m[Kconst[01;31m[K [m[K[32m[Ksensor_msgs[m[K::JointState::& message)
      |                                   [34m[K~[m[K     [01;31m[K^[m[K[32m[K~~~~~~~~~~~[m[K
      |                                         [32m[K)[m[K
[01m[K/home/ludovica/RL/catkin_ws/src/arm_controller/src/Arm_Controller.cpp:23:42:[m[K [01;31m[Kerror: [m[Kexpected initializer
   23 | void Arm_Controller::topicCallback(const [01;31m[Ksensor_msgs[m[K::JointState::& message)
      |                                          [01;31m[K^~~~~~~~~~~[m[K
make[2]: *** [CMakeFiles/arm_controller_node.dir/build.make:76: CMakeFiles/arm_controller_node.dir/src/Arm_Controller.cpp.o] Error 1
make[1]: *** [CMakeFiles/Makefile2:165: CMakeFiles/arm_controller_node.dir/all] Error 2
make: *** [Makefile:141: all] Error 2
