[35m[1mScanning dependencies of target arm_controller_node[0m
[ 33%] [32mBuilding CXX object CMakeFiles/arm_controller_node.dir/src/Arm_Controller.cpp.o[0m
[01m[K/home/ludovica/RL/catkin_ws/src/arm_controller/src/Arm_Controller.cpp:[m[K In member function â€˜[01m[Kvoid Arm_Controller::start_controller()[m[Kâ€™:
[01m[K/home/ludovica/RL/catkin_ws/src/arm_controller/src/Arm_Controller.cpp:51:10:[m[K [01;31m[Kerror: [m[Kâ€˜[01m[KloopRate[m[Kâ€™ was not declared in this scope
   51 |          [01;31m[KloopRate[m[K.sleep();
      |          [01;31m[K^~~~~~~~[m[K
make[2]: *** [CMakeFiles/arm_controller_node.dir/build.make:76: CMakeFiles/arm_controller_node.dir/src/Arm_Controller.cpp.o] Error 1
make[1]: *** [CMakeFiles/Makefile2:165: CMakeFiles/arm_controller_node.dir/all] Error 2
make: *** [Makefile:141: all] Error 2
