[01m[K/home/ludovica/RL/catkin_ws/src/arm_controller/src/Arm_Controller.cpp:21:8:[m[K [01;31m[Kerror: [m[Kfound â€˜[01m[K:[m[Kâ€™ in nested-name-specifier, expected â€˜[01m[K::[m[Kâ€™
   21 | }Failed[01;31m[K:[m[KFailed:
      |        [01;31m[K^[m[K
      |        [32m[K::[m[K
[01m[K/home/ludovica/RL/catkin_ws/src/arm_controller/src/Arm_Controller.cpp:21:2:[m[K [01;31m[Kerror: [m[Kâ€˜[01m[KFailed[m[Kâ€™ does not name a type
   21 | }[01;31m[KFailed[m[K:Failed:
      |  [01;31m[K^~~~~~[m[K
make[2]: *** [CMakeFiles/arm_controller_node.dir/build.make:76: CMakeFiles/arm_controller_node.dir/src/Arm_Controller.cpp.o] Error 1
make[2]: *** Waiting for unfinished jobs....
make[1]: *** [CMakeFiles/Makefile2:165: CMakeFiles/arm_controller_node.dir/all] Error 2
make: *** [Makefile:141: all] Error 2
